<?xml version="1.0" encoding="UTF-8"?>
<testsuite name="hello.jdbc.connection.DBConnectionUtilTest" tests="1" skipped="0" failures="0" errors="0" timestamp="2024-04-10T04:53:21" hostname="MinseokGo-MacBook-Pro.local" time="0.092">
  <properties/>
  <testcase name="connection()" classname="hello.jdbc.connection.DBConnectionUtilTest" time="0.092"/>
  <system-out><![CDATA[13:53:21.687 [Test worker] INFO hello.jdbc.connection.DBConnectionUtil -- get connection=conn0: url=jdbc:h2:tcp://localhost/~/test user=SA class=class org.h2.jdbc.JdbcConnection
]]></system-out>
  <system-err><![CDATA[]]></system-err>
</testsuite>
